<?xml version="1.0" encoding="UTF-8"?>
<!-- Generated by org.testng.reporters.JUnitReportReporter -->
<testsuite skipped="0" hostname="prithviraj-tantraadmin" name="com.qs.tests.LoginTest" tests="2" failures="0" timestamp="12 Jan 2018 08:10:45 GMT" time="15.115" errors="0">
  <testcase name="logoutTest" time="3.282" classname="com.qs.tests.LoginTest"/>
  <testcase name="loginTest" time="11.833" classname="com.qs.tests.LoginTest"/>
</testsuite> <!-- com.qs.tests.LoginTest -->
